<?xml version="1.0" encoding="utf-8"?>
<test-run id="2" testcasecount="1" result="Passed" total="1" passed="1" failed="0" inconclusive="0" skipped="0" asserts="0" engine-version="3.5.0.0" clr-version="4.0.30319.42000" start-time="2026-09-08 01:37:28Z" end-time="2026-09-08 01:37:31Z" duration="2.7961142">
  <test-suite type="TestSuite" id="1140" name="FoodFactoryGame" fullname="FoodFactoryGame" runstate="Runnable" testcasecount="1" result="Passed" start-time="2026-09-08 01:37:28Z" end-time="2026-09-08 01:37:31Z" duration="2.796114" total="1" passed="1" failed="0" inconclusive="0" skipped="0" asserts="0">
    <properties>
      <property name="platform" value="PlayMode" />
    </properties>
    <test-suite type="Assembly" id="1003" name="FoodFactoryGame.PlayModeTests.dll" fullname="E:/Projects/Unity/FoodFactoryGame/Library/ScriptAssemblies/FoodFactoryGame.PlayModeTests.dll" runstate="Runnable" testcasecount="1" result="Passed" start-time="2026-09-08 01:37:28Z" end-time="2026-09-08 01:37:31Z" duration="2.793569" total="1" passed="1" failed="0" inconclusive="0" skipped="0" asserts="0">
      <properties>
        <property name="_PID" value="11020" />
        <property name="_APPDOMAIN" value="Unity Child Domain" />
        <property name="platform" value="PlayMode" />
        <property name="EditorOnly" value="False" />
      </properties>
      <test-suite type="TestFixture" id="1001" name="OutsideTestFloorTransitionTests" fullname="OutsideTestFloorTransitionTests" classname="OutsideTestFloorTransitionTests" runstate="Runnable" testcasecount="1" result="Passed" start-time="2026-09-08 01:37:28Z" end-time="2026-09-08 01:37:31Z" duration="2.791950" total="1" passed="1" failed="0" inconclusive="0" skipped="0" asserts="0">
        <properties />
        <test-case id="1002" name="TwoFloorSceneLifecycleKeepsRecordsProducing" fullname="OutsideTestFloorTransitionTests.TwoFloorSceneLifecycleKeepsRecordsProducing" methodname="TwoFloorSceneLifecycleKeepsRecordsProducing" classname="OutsideTestFloorTransitionTests" runstate="Runnable" seed="900792062" result="Passed" start-time="2026-09-08 01:37:28Z" end-time="2026-09-08 01:37:31Z" duration="2.790031" asserts="0">
          <properties>
            <property name="_JOINTYPE" value="UnityCombinatorial" />
            <property name="retryIteration" value="0" />
            <property name="repeatIteration" value="0" />
          </properties>
          <output><![CDATA[Local server is starting for Tugboat. Listening on port 7770.
Local server is starting for Tugboat. Listening on port 7770.
Local server is starting for Tugboat. Listening on port 7770.
Local client is starting for Tugboat. Server IP is localhost, port is 7770.
Local client is starting for Tugboat. Server IP is localhost, port is 7770.
Local client is starting for Tugboat. Server IP is localhost, port is 7770.
Local server is started for Tugboat.
Local server is started for Tugboat.
Local server is started for Tugboat.
Remote connection started for Id 0.
Remote connection started for Id 0.
Remote connection started for Id 0.
Local client is started for Tugboat.
Local client is started for Tugboat.
Local client is started for Tugboat.
Local client is stopping for Tugboat.
Local client is stopping for Tugboat.
Local client is stopping for Tugboat.
Local server is stopping for Tugboat.
Local server is stopping for Tugboat.
Local server is stopping for Tugboat.
Local server is stopped for Tugboat.
Local server is stopped for Tugboat.
Local server is stopped for Tugboat.
Local client is stopped for Tugboat.
Local client is stopped for Tugboat.
Local client is stopped for Tugboat.
NetworkManager on object GameNetworkManager is being destroyed due to persistence type DestroyNewest. A NetworkManager instance already exist on GameNetworkManager.
NetworkManager on object GameNetworkManager is being destroyed due to persistence type DestroyNewest. A NetworkManager instance already exist on GameNetworkManager.
NetworkManager on object GameNetworkManager is being destroyed due to persistence type DestroyNewest. A NetworkManager instance already exist on GameNetworkManager.
Local server is starting for Tugboat. Listening on port 7770.
Local server is starting for Tugboat. Listening on port 7770.
Local server is starting for Tugboat. Listening on port 7770.
Local client is starting for Tugboat. Server IP is localhost, port is 7770.
Local client is starting for Tugboat. Server IP is localhost, port is 7770.
Local client is starting for Tugboat. Server IP is localhost, port is 7770.
Local server is started for Tugboat.
Local server is started for Tugboat.
Local server is started for Tugboat.
Remote connection started for Id 0.
Remote connection started for Id 0.
Remote connection started for Id 0.
Local client is started for Tugboat.
Local client is started for Tugboat.
Local client is started for Tugboat.
Local client is stopping for Tugboat.
Local client is stopping for Tugboat.
Local client is stopping for Tugboat.
Local server is stopping for Tugboat.
Local server is stopping for Tugboat.
Local server is stopping for Tugboat.
Local server is stopped for Tugboat.
Local server is stopped for Tugboat.
Local server is stopped for Tugboat.
Local client is stopped for Tugboat.
Local client is stopped for Tugboat.
Local client is stopped for Tugboat.
Saving results to: C:/Users/Deven/AppData/LocalLow/DefaultCompany/FoodFactoryGame\TestResults.xml
Saving results to: C:/Users/Deven/AppData/LocalLow/DefaultCompany/FoodFactoryGame\TestResults.xml
Saving results to: C:/Users/Deven/AppData/LocalLow/DefaultCompany/FoodFactoryGame\TestResults.xml
]]></output>
        </test-case>
      </test-suite>
    </test-suite>
  </test-suite>
</test-run>